2025-07-07 22:22:53,970 [INFO] Aplicación iniciada
2025-07-07 22:22:59,957 [INFO] Archivo seleccionado: C:/Users/El Pela Flow/OneDrive/Escritorio/1212.csv
2025-07-07 22:22:59,957 [INFO] Iniciando importación de C:/Users/El Pela Flow/OneDrive/Escritorio/1212.csv
2025-07-07 22:22:59,960 [ERROR] Error durante la importación
Traceback (most recent call last):
  File "c:\Users\El Pela Flow\OneDrive\Documentos\leads\importador_sql2.py", line 193, in seleccionar_csv
    total, errores, log, informe = importar_archivo_csv(file_path)
                                   ~~~~~~~~~~~~~~~~~~~~^^^^^^^^^^^
  File "c:\Users\El Pela Flow\OneDrive\Documentos\leads\importador_sql2.py", line 60, in importar_archivo_csv
    df = pd.read_csv(
        csv_path,
    ...<3 lines>...
        skip_blank_lines=True
    )
  File "C:\Users\El Pela Flow\OneDrive\Documentos\leads\venv\Lib\site-packages\pandas\io\parsers\readers.py", line 1026, in read_csv
    return _read(filepath_or_buffer, kwds)
  File "C:\Users\El Pela Flow\OneDrive\Documentos\leads\venv\Lib\site-packages\pandas\io\parsers\readers.py", line 626, in _read
    return parser.read(nrows)
           ~~~~~~~~~~~^^^^^^^
  File "C:\Users\El Pela Flow\OneDrive\Documentos\leads\venv\Lib\site-packages\pandas\io\parsers\readers.py", line 1923, in read
    ) = self._engine.read(  # type: ignore[attr-defined]
        ~~~~~~~~~~~~~~~~~^^^^^^^^^^^^^^^^^^^^^^^^^^^^^^^
        nrows
        ^^^^^
    )
    ^
  File "C:\Users\El Pela Flow\OneDrive\Documentos\leads\venv\Lib\site-packages\pandas\io\parsers\c_parser_wrapper.py", line 234, in read
    chunks = self._reader.read_low_memory(nrows)
  File "pandas/_libs/parsers.pyx", line 838, in pandas._libs.parsers.TextReader.read_low_memory
  File "pandas/_libs/parsers.pyx", line 905, in pandas._libs.parsers.TextReader._read_rows
  File "pandas/_libs/parsers.pyx", line 874, in pandas._libs.parsers.TextReader._tokenize_rows
  File "pandas/_libs/parsers.pyx", line 891, in pandas._libs.parsers.TextReader._check_tokenize_status
  File "pandas/_libs/parsers.pyx", line 2061, in pandas._libs.parsers.raise_parser_error
pandas.errors.ParserError: Error tokenizing data. C error: Expected 20 fields in line 24, saw 21

2025-07-07 23:06:56,475 [INFO] Aplicación iniciada
2025-07-07 23:07:02,440 [INFO] Archivo seleccionado: C:/Users/El Pela Flow/OneDrive/Escritorio/1212.csv
2025-07-07 23:07:02,440 [INFO] Iniciando importación de C:/Users/El Pela Flow/OneDrive/Escritorio/1212.csv
2025-07-07 23:07:06,797 [INFO] Finalizada importación de C:/Users/El Pela Flow/OneDrive/Escritorio/1212.csv: 3080 filas procesadas, 0 errores
2025-07-07 23:08:40,227 [INFO] Aplicación iniciada
2025-07-07 23:08:44,581 [INFO] Archivo seleccionado: C:/Users/El Pela Flow/OneDrive/Escritorio/archivoprueba.csv
2025-07-07 23:08:44,582 [INFO] Iniciando importación de C:/Users/El Pela Flow/OneDrive/Escritorio/archivoprueba.csv
2025-07-07 23:08:48,685 [INFO] Finalizada importación de C:/Users/El Pela Flow/OneDrive/Escritorio/archivoprueba.csv: 3080 filas procesadas, 0 errores
2025-07-07 23:25:26,561 [INFO] Aplicación iniciada
2025-07-07 23:25:40,283 [INFO] Archivo seleccionado: C:/Users/El Pela Flow/OneDrive/Escritorio/archivoprueba2.csv
2025-07-07 23:25:40,284 [INFO] Iniciando importación de C:/Users/El Pela Flow/OneDrive/Escritorio/archivoprueba2.csv
2025-07-07 23:25:44,446 [INFO] Finalizada importación de C:/Users/El Pela Flow/OneDrive/Escritorio/archivoprueba2.csv: 3080 filas procesadas, 0 errores
2025-07-07 23:40:52,022 [INFO] Aplicación iniciada
2025-07-07 23:41:03,159 [INFO] Archivo seleccionado: C:/Users/El Pela Flow/OneDrive/Escritorio/archivoprueba3.csv
2025-07-07 23:41:03,160 [INFO] Iniciando importación de C:/Users/El Pela Flow/OneDrive/Escritorio/archivoprueba3.csv
2025-07-07 23:41:07,013 [INFO] Finalizada importación de C:/Users/El Pela Flow/OneDrive/Escritorio/archivoprueba3.csv: 3080 filas procesadas, 0 errores
2025-07-08 00:00:49,879 [INFO] Aplicación iniciada
2025-07-08 00:01:03,533 [INFO] Archivo seleccionado: C:/Users/El Pela Flow/OneDrive/Escritorio/archivoprueba4.csv
2025-07-08 00:01:03,534 [INFO] Iniciando importación de C:/Users/El Pela Flow/OneDrive/Escritorio/archivoprueba4.csv
2025-07-08 00:01:07,660 [INFO] Finalizada importación de C:/Users/El Pela Flow/OneDrive/Escritorio/archivoprueba4.csv: 3080 filas procesadas, 0 errores
2025-07-08 00:16:10,025 [INFO] Aplicación iniciada
2025-07-08 00:16:19,768 [INFO] Archivo seleccionado: C:/Users/El Pela Flow/OneDrive/Escritorio/archivoprueba5.csv
2025-07-08 00:16:19,769 [INFO] Iniciando importación de C:/Users/El Pela Flow/OneDrive/Escritorio/archivoprueba5.csv
2025-07-08 00:16:23,728 [INFO] Finalizada importación de C:/Users/El Pela Flow/OneDrive/Escritorio/archivoprueba5.csv: 3080 filas procesadas, 0 errores
2025-07-08 01:00:27,047 [INFO] Aplicación iniciada
2025-07-08 01:00:45,221 [INFO] Archivo seleccionado: C:/Users/El Pela Flow/OneDrive/Escritorio/archivoprueba6.csv
2025-07-08 01:00:45,221 [INFO] Iniciando importación de C:/Users/El Pela Flow/OneDrive/Escritorio/archivoprueba6.csv
2025-07-08 01:00:50,099 [INFO] Finalizada importación de C:/Users/El Pela Flow/OneDrive/Escritorio/archivoprueba6.csv: 3080 filas procesadas, 0 errores
2025-07-08 01:33:29,670 [INFO] Aplicación iniciada
2025-07-08 01:33:39,956 [INFO] Archivo seleccionado: C:/Users/El Pela Flow/OneDrive/Escritorio/archivoprueba7.csv
2025-07-08 01:33:39,956 [INFO] Iniciando importación de C:/Users/El Pela Flow/OneDrive/Escritorio/archivoprueba7.csv
2025-07-08 01:33:44,340 [INFO] Finalizada importación de C:/Users/El Pela Flow/OneDrive/Escritorio/archivoprueba7.csv: 3080 filas procesadas, 0 errores
2025-07-08 01:45:44,535 [INFO] Aplicación iniciada
2025-07-08 01:45:58,393 [INFO] Archivo seleccionado: C:/Users/El Pela Flow/OneDrive/Escritorio/archivoprueba8.csv
2025-07-08 01:45:58,394 [INFO] Iniciando importación de C:/Users/El Pela Flow/OneDrive/Escritorio/archivoprueba8.csv
2025-07-08 01:46:02,940 [INFO] Finalizada importación de C:/Users/El Pela Flow/OneDrive/Escritorio/archivoprueba8.csv: 3080 filas procesadas, 0 errores
2025-07-08 01:58:12,341 [INFO] Aplicación iniciada
2025-07-08 01:58:16,472 [INFO] Archivo seleccionado: C:/Users/El Pela Flow/OneDrive/Escritorio/archivoprueba8.csv
2025-07-08 01:58:16,473 [INFO] Iniciando importación de C:/Users/El Pela Flow/OneDrive/Escritorio/archivoprueba8.csv
2025-07-08 01:58:20,917 [INFO] Finalizada importación de C:/Users/El Pela Flow/OneDrive/Escritorio/archivoprueba8.csv: 3080 filas procesadas, 0 errores
2025-07-08 16:51:16,574 [INFO] Aplicación iniciada
2025-07-08 16:51:22,300 [INFO] Archivo seleccionado: C:/Users/El Pela Flow/OneDrive/Escritorio/Resultados_puros_indumentaria.csv
2025-07-08 16:51:22,300 [INFO] Iniciando importación de C:/Users/El Pela Flow/OneDrive/Escritorio/Resultados_puros_indumentaria.csv
2025-07-08 16:51:30,356 [INFO] Finalizada importación de C:/Users/El Pela Flow/OneDrive/Escritorio/Resultados_puros_indumentaria.csv: 4905 filas procesadas, 0 errores
2025-07-09 10:32:28,600 [INFO] Aplicación iniciada
2025-07-09 10:33:07,404 [INFO] Archivo seleccionado: C:/Users/El Pela Flow/OneDrive/Documentos/leads/scrap_leads/resultados.csv
2025-07-09 10:33:07,404 [INFO] Iniciando importación de C:/Users/El Pela Flow/OneDrive/Documentos/leads/scrap_leads/resultados.csv
2025-07-09 10:33:07,875 [ERROR] Error durante la importación
Traceback (most recent call last):
  File "c:\Users\El Pela Flow\OneDrive\Documentos\leads\importador_sql2.py", line 224, in seleccionar_csv
    total, errores, log, informe = importar_archivo_csv(file_path)
                                   ~~~~~~~~~~~~~~~~~~~~^^^^^^^^^^^
  File "c:\Users\El Pela Flow\OneDrive\Documentos\leads\importador_sql2.py", line 134, in importar_archivo_csv
    cursor.execute(create_sql)
    ~~~~~~~~~~~~~~^^^^^^^^^^^^
pyodbc.ProgrammingError: ('42000', "[42000] [Microsoft][ODBC SQL Server Driver][SQL Server]The identifier that starts with 'input_id,link,title,category,address,open_hours,popular_times,website,phone,plus_code,review_count,review_rating,reviews_per_rat' is too long. Maximum length is 128. (103) (SQLExecDirectW)")
2025-07-09 10:42:13,385 [INFO] Aplicación iniciada
2025-07-09 10:42:17,497 [INFO] Archivo seleccionado: C:/Users/El Pela Flow/OneDrive/Documentos/leads/scrap_leads/resultados.csv
2025-07-09 10:42:17,498 [INFO] Iniciando importación de C:/Users/El Pela Flow/OneDrive/Documentos/leads/scrap_leads/resultados.csv
2025-07-09 10:42:21,964 [INFO] Finalizada importación de C:/Users/El Pela Flow/OneDrive/Documentos/leads/scrap_leads/resultados.csv: 1617 filas procesadas, 0 errores
2025-07-09 13:38:07,227 [INFO] Aplicación iniciada
